<?xml version="1.0" encoding="UTF-8"?>
<testng-results skipped="0" failed="0" ignored="0" total="1" passed="1">
  <reporter-output>
  </reporter-output>
  <suite name="Suite" duration-ms="25780" started-at="2017-04-25T05:55:37Z" finished-at="2017-04-25T05:56:02Z">
    <groups>
    </groups>
    <test name="MSM8926" duration-ms="25780" started-at="2017-04-25T05:55:37Z" finished-at="2017-04-25T05:56:02Z">
      <class name="com.mushishi.appium.datadriver.testdemo">
        <test-method status="PASS" signature="BeforeClass(java.lang.String, java.lang.String)[pri:0, instance:com.mushishi.appium.datadriver.testdemo@610694f1]" name="BeforeClass" is-config="true" duration-ms="22764" started-at="2017-04-25T13:55:37Z" finished-at="2017-04-25T13:55:59Z">
          <params>
            <param index="0">
              <value>
                <![CDATA[MSM8926]]>
              </value>
            </param>
            <param index="1">
              <value>
                <![CDATA[4491]]>
              </value>
            </param>
          </params>
          <reporter-output>
          </reporter-output>
        </test-method> <!-- BeforeClass -->
        <test-method status="PASS" signature="test1()[pri:0, instance:com.mushishi.appium.datadriver.testdemo@610694f1]" name="test1" duration-ms="3005" started-at="2017-04-25T13:55:59Z" finished-at="2017-04-25T13:56:02Z">
          <reporter-output>
          </reporter-output>
        </test-method> <!-- test1 -->
      </class> <!-- com.mushishi.appium.datadriver.testdemo -->
    </test> <!-- MSM8926 -->
  </suite> <!-- Suite -->
</testng-results>
