<?xml version="1.0" encoding="UTF-8"?>
<testng-results skipped="0" failed="0" total="1" passed="1">
  <reporter-output>
  </reporter-output>
  <suite name="Default suite" duration-ms="3013" started-at="2017-04-21T04:06:08Z" finished-at="2017-04-21T04:06:11Z">
    <groups>
      <group name="MojiMain">
        <method signature="TestNew2.startApp()[pri:0, instance:appiumtest.TestNew2@52d455b8]" name="startApp" class="appiumtest.TestNew2"/>
      </group> <!-- MojiMain -->
    </groups>
    <test name="Default test" duration-ms="3013" started-at="2017-04-21T04:06:08Z" finished-at="2017-04-21T04:06:11Z">
      <class name="appiumtest.TestNew2">
        <test-method status="PASS" signature="setUp()[pri:0, instance:appiumtest.TestNew2@52d455b8]" name="setUp" is-config="true" duration-ms="8" started-at="2017-04-21T12:06:08Z" finished-at="2017-04-21T12:06:08Z">
          <reporter-output>
          </reporter-output>
        </test-method> <!-- setUp -->
        <test-method status="PASS" signature="startApp()[pri:0, instance:appiumtest.TestNew2@52d455b8]" name="startApp" duration-ms="3005" started-at="2017-04-21T12:06:08Z" finished-at="2017-04-21T12:06:11Z">
          <reporter-output>
          </reporter-output>
        </test-method> <!-- startApp -->
        <test-method status="PASS" signature="tearDown()[pri:0, instance:appiumtest.TestNew2@52d455b8]" name="tearDown" is-config="true" duration-ms="1" started-at="2017-04-21T12:06:11Z" finished-at="2017-04-21T12:06:11Z">
          <reporter-output>
          </reporter-output>
        </test-method> <!-- tearDown -->
      </class> <!-- appiumtest.TestNew2 -->
    </test> <!-- Default test -->
  </suite> <!-- Default suite -->
</testng-results>
