<?xml version="1.0" encoding="UTF-8"?>
<testng-results skipped="0" failed="1" total="1" passed="0">
  <reporter-output>
  </reporter-output>
  <suite name="Default suite" duration-ms="6958" started-at="2017-05-03T09:11:13Z" finished-at="2017-05-03T09:11:20Z">
    <groups>
      <group name="MojiMain">
        <method signature="TestMukewang.startApp()[pri:0, instance:appiumtest.TestMukewang@5502f00c]" name="startApp" class="appiumtest.TestMukewang"/>
      </group> <!-- MojiMain -->
    </groups>
    <test name="Default test" duration-ms="6958" started-at="2017-05-03T09:11:13Z" finished-at="2017-05-03T09:11:20Z">
      <class name="appiumtest.TestMukewang">
        <test-method status="PASS" signature="setUp()[pri:0, instance:appiumtest.TestMukewang@5502f00c]" name="setUp" is-config="true" duration-ms="12539" started-at="2017-05-03T17:11:01Z" finished-at="2017-05-03T17:11:13Z">
          <reporter-output>
          </reporter-output>
        </test-method> <!-- setUp -->
        <test-method status="FAIL" signature="startApp()[pri:0, instance:appiumtest.TestMukewang@5502f00c]" name="startApp" duration-ms="6938" started-at="2017-05-03T17:11:13Z" finished-at="2017-05-03T17:11:20Z">
          <exception class="org.openqa.selenium.NoSuchElementException">
            <message>
              <![CDATA[An element could not be located on the page using the given search parameters. (WARNING: The server did not provide any stacktrace information)
Command duration or timeout: 193 milliseconds
For documentation on this error, please visit: http://seleniumhq.org/exceptions/no_such_element.html
Build info: version: '2.53.1', revision: 'a36b8b1cd5757287168e54b817830adce9b0158d', time: '2016-06-30 19:26:09'
System info: host: 'DHJP-20150319HJ', ip: '192.168.1.100', os.name: 'Windows 7', os.arch: 'amd64', os.version: '6.1', java.version: '1.7.0_80'
*** Element info: {Using=xpath, value=//android.support.v7.widget.RecyclerView[contains(@resource-id,'cn.com.open.mooc:id/rv_home')]/android.widget.LinearLayout[1]/android.widget.ImageView[3]}
Session ID: a0592314-495d-40f7-b332-325e26c7b21c
Driver info: io.appium.java_client.android.AndroidDriver
Capabilities [{platform=LINUX, app=C:\Users\Administrator\git\appiumtest1\appiumtest\apps\mukewang.apk, javascriptEnabled=true, appActivity=.index.splash.MCSplashActivity, browserName=, deviceModel=N9180, networkConnectionEnabled=true, desired={app=C:\Users\Administrator\git\appiumtest1\appiumtest\apps\mukewang.apk, platformVersion=4.3, deviceName=MSM8926, platformName=Android, appActivity=.index.splash.MCSplashActivity, browserName=, appPackage=cn.com.open.mooc, noReset=true}, locationContextEnabled=false, deviceUDID=MSM8926, appPackage=cn.com.open.mooc, noReset=true, platformVersion=4.3, databaseEnabled=false, deviceScreenSize=720x1280, deviceName=MSM8926, platformName=Android, deviceManufacturer=ZTE, webStorageEnabled=false, warnings={}, takesScreenshot=true}]]]>
            </message>
            <full-stacktrace>
              <![CDATA[org.openqa.selenium.NoSuchElementException: An element could not be located on the page using the given search parameters. (WARNING: The server did not provide any stacktrace information)
Command duration or timeout: 193 milliseconds
For documentation on this error, please visit: http://seleniumhq.org/exceptions/no_such_element.html
Build info: version: '2.53.1', revision: 'a36b8b1cd5757287168e54b817830adce9b0158d', time: '2016-06-30 19:26:09'
System info: host: 'DHJP-20150319HJ', ip: '192.168.1.100', os.name: 'Windows 7', os.arch: 'amd64', os.version: '6.1', java.version: '1.7.0_80'
*** Element info: {Using=xpath, value=//android.support.v7.widget.RecyclerView[contains(@resource-id,'cn.com.open.mooc:id/rv_home')]/android.widget.LinearLayout[1]/android.widget.ImageView[3]}
Session ID: a0592314-495d-40f7-b332-325e26c7b21c
Driver info: io.appium.java_client.android.AndroidDriver
Capabilities [{platform=LINUX, app=C:\Users\Administrator\git\appiumtest1\appiumtest\apps\mukewang.apk, javascriptEnabled=true, appActivity=.index.splash.MCSplashActivity, browserName=, deviceModel=N9180, networkConnectionEnabled=true, desired={app=C:\Users\Administrator\git\appiumtest1\appiumtest\apps\mukewang.apk, platformVersion=4.3, deviceName=MSM8926, platformName=Android, appActivity=.index.splash.MCSplashActivity, browserName=, appPackage=cn.com.open.mooc, noReset=true}, locationContextEnabled=false, deviceUDID=MSM8926, appPackage=cn.com.open.mooc, noReset=true, platformVersion=4.3, databaseEnabled=false, deviceScreenSize=720x1280, deviceName=MSM8926, platformName=Android, deviceManufacturer=ZTE, webStorageEnabled=false, warnings={}, takesScreenshot=true}]
	at sun.reflect.NativeConstructorAccessorImpl.newInstance0(Native Method)
	at sun.reflect.NativeConstructorAccessorImpl.newInstance(NativeConstructorAccessorImpl.java:57)
	at sun.reflect.DelegatingConstructorAccessorImpl.newInstance(DelegatingConstructorAccessorImpl.java:45)
	at java.lang.reflect.Constructor.newInstance(Constructor.java:526)
	at org.openqa.selenium.remote.ErrorHandler.createThrowable(ErrorHandler.java:206)
	at org.openqa.selenium.remote.ErrorHandler.throwIfResponseFailed(ErrorHandler.java:158)
	at org.openqa.selenium.remote.RemoteWebDriver.execute(RemoteWebDriver.java:678)
	at io.appium.java_client.DefaultGenericMobileDriver.execute(DefaultGenericMobileDriver.java:40)
	at io.appium.java_client.AppiumDriver.execute(AppiumDriver.java:1)
	at io.appium.java_client.android.AndroidDriver.execute(AndroidDriver.java:1)
	at org.openqa.selenium.remote.RemoteWebDriver.findElement(RemoteWebDriver.java:363)
	at io.appium.java_client.DefaultGenericMobileDriver.findElement(DefaultGenericMobileDriver.java:56)
	at io.appium.java_client.AppiumDriver.findElement(AppiumDriver.java:1)
	at io.appium.java_client.android.AndroidDriver.findElement(AndroidDriver.java:1)
	at org.openqa.selenium.remote.RemoteWebDriver.findElementByXPath(RemoteWebDriver.java:500)
	at io.appium.java_client.DefaultGenericMobileDriver.findElementByXPath(DefaultGenericMobileDriver.java:134)
	at io.appium.java_client.AppiumDriver.findElementByXPath(AppiumDriver.java:1)
	at io.appium.java_client.android.AndroidDriver.findElementByXPath(AndroidDriver.java:1)
	at org.openqa.selenium.By$ByXPath.findElement(By.java:361)
	at org.openqa.selenium.remote.RemoteWebDriver.findElement(RemoteWebDriver.java:355)
	at io.appium.java_client.DefaultGenericMobileDriver.findElement(DefaultGenericMobileDriver.java:52)
	at io.appium.java_client.AppiumDriver.findElement(AppiumDriver.java:1)
	at io.appium.java_client.android.AndroidDriver.findElement(AndroidDriver.java:1)
	at appiumtest.TestMukewang.startApp(TestMukewang.java:63)
	at sun.reflect.NativeMethodAccessorImpl.invoke0(Native Method)
	at sun.reflect.NativeMethodAccessorImpl.invoke(NativeMethodAccessorImpl.java:57)
	at sun.reflect.DelegatingMethodAccessorImpl.invoke(DelegatingMethodAccessorImpl.java:43)
	at java.lang.reflect.Method.invoke(Method.java:606)
	at org.testng.internal.MethodInvocationHelper.invokeMethod(MethodInvocationHelper.java:85)
	at org.testng.internal.Invoker.invokeMethod(Invoker.java:639)
	at org.testng.internal.Invoker.invokeTestMethod(Invoker.java:816)
	at org.testng.internal.Invoker.invokeTestMethods(Invoker.java:1124)
	at org.testng.internal.TestMethodWorker.invokeTestMethods(TestMethodWorker.java:125)
	at org.testng.internal.TestMethodWorker.run(TestMethodWorker.java:108)
	at org.testng.TestRunner.privateRun(TestRunner.java:774)
	at org.testng.TestRunner.run(TestRunner.java:624)
	at org.testng.SuiteRunner.runTest(SuiteRunner.java:359)
	at org.testng.SuiteRunner.runSequentially(SuiteRunner.java:354)
	at org.testng.SuiteRunner.privateRun(SuiteRunner.java:312)
	at org.testng.SuiteRunner.run(SuiteRunner.java:261)
	at org.testng.SuiteRunnerWorker.runSuite(SuiteRunnerWorker.java:52)
	at org.testng.SuiteRunnerWorker.run(SuiteRunnerWorker.java:86)
	at org.testng.TestNG.runSuitesSequentially(TestNG.java:1215)
	at org.testng.TestNG.runSuitesLocally(TestNG.java:1140)
	at org.testng.TestNG.run(TestNG.java:1048)
	at org.testng.remote.AbstractRemoteTestNG.run(AbstractRemoteTestNG.java:132)
	at org.testng.remote.RemoteTestNG.initAndRun(RemoteTestNG.java:230)
	at org.testng.remote.RemoteTestNG.main(RemoteTestNG.java:76)
]]>
            </full-stacktrace>
          </exception> <!-- org.openqa.selenium.NoSuchElementException -->
          <reporter-output>
          </reporter-output>
        </test-method> <!-- startApp -->
        <test-method status="PASS" signature="tearDown()[pri:0, instance:appiumtest.TestMukewang@5502f00c]" name="tearDown" is-config="true" duration-ms="2614" started-at="2017-05-03T17:11:20Z" finished-at="2017-05-03T17:11:23Z">
          <reporter-output>
          </reporter-output>
        </test-method> <!-- tearDown -->
      </class> <!-- appiumtest.TestMukewang -->
    </test> <!-- Default test -->
  </suite> <!-- Default suite -->
</testng-results>
